                              1 ;--------------------------------------------------------
                              2 ; File Created by SDCC : free open source ANSI-C Compiler
                              3 ; Version 3.1.0 #7066 (Nov 22 2011) (MINGW32)
                              4 ; This file was generated Sun Oct 26 13:42:35 2014
                              5 ;--------------------------------------------------------
                              6 	.module dds
                              7 	.optsdcc -mmcs51 --model-small
                              8 	
                              9 ;--------------------------------------------------------
                             10 ; Public variables in this module
                             11 ;--------------------------------------------------------
                             12 	.globl _main
                             13 	.globl _EIP
                             14 	.globl _B
                             15 	.globl _EIE
                             16 	.globl _ACC
                             17 	.globl _EICON
                             18 	.globl _PSW
                             19 	.globl _TH2
                             20 	.globl _TL2
                             21 	.globl _RCAP2H
                             22 	.globl _RCAP2L
                             23 	.globl _T2CON
                             24 	.globl _SBUF1
                             25 	.globl _SCON1
                             26 	.globl _GPIFSGLDATLNOX
                             27 	.globl _GPIFSGLDATLX
                             28 	.globl _GPIFSGLDATH
                             29 	.globl _GPIFTRIG
                             30 	.globl _EP01STAT
                             31 	.globl _IP
                             32 	.globl _OEE
                             33 	.globl _OED
                             34 	.globl _OEC
                             35 	.globl _OEB
                             36 	.globl _OEA
                             37 	.globl _IOE
                             38 	.globl _IOD
                             39 	.globl _AUTOPTRSETUP
                             40 	.globl _EP68FIFOFLGS
                             41 	.globl _EP24FIFOFLGS
                             42 	.globl _EP2468STAT
                             43 	.globl _IE
                             44 	.globl _INT4CLR
                             45 	.globl _INT2CLR
                             46 	.globl _IOC
                             47 	.globl _AUTODAT2
                             48 	.globl _AUTOPTRL2
                             49 	.globl _AUTOPTRH2
                             50 	.globl _AUTODAT1
                             51 	.globl _APTR1L
                             52 	.globl _APTR1H
                             53 	.globl _SBU
                             54 	.globl _SCO
                             55 	.globl _MPA
                             56 	.globl _EXIF
                             57 	.globl _IOB
                             58 	.globl _SPC_
                             59 	.globl _CKCO
                             60 	.globl _TH1
                             61 	.globl _TH0
                             62 	.globl _TL1
                             63 	.globl _TL0
                             64 	.globl _TMOD
                             65 	.globl _TCON
                             66 	.globl _PCON
                             67 	.globl _DPS
                             68 	.globl _DPH1
                             69 	.globl _DPL1
                             70 	.globl _DPH
                             71 	.globl _DPL
                             72 	.globl _SP
                             73 	.globl _IOA
                             74 	.globl _EP8FIFOBUF
                             75 	.globl _EP6FIFOBUF
                             76 	.globl _EP4FIFOBUF
                             77 	.globl _EP2FIFOBUF
                             78 	.globl _EP1INBUF
                             79 	.globl _EP1OUTBUF
                             80 	.globl _EP0BUF
                             81 	.globl _CT4
                             82 	.globl _CT3
                             83 	.globl _CT2
                             84 	.globl _CT1
                             85 	.globl _USBTEST
                             86 	.globl _TESTCFG
                             87 	.globl _DBUG
                             88 	.globl _UDMACRCQUAL
                             89 	.globl _UDMACRCL
                             90 	.globl _UDMACRCH
                             91 	.globl _GPIFHOLDAMOUNT
                             92 	.globl _FLOWSTBHPERIOD
                             93 	.globl _FLOWSTBEDGE
                             94 	.globl _FLOWSTB
                             95 	.globl _FLOWHOLDOFF
                             96 	.globl _FLOWEQ1CTL
                             97 	.globl _FLOWEQ0CTL
                             98 	.globl _FLOWLOGIC
                             99 	.globl _FLOWSTATE
                            100 	.globl _GPIFABORT
                            101 	.globl _GPIFREADYSTAT
                            102 	.globl _GPIFREADYCFG
                            103 	.globl _XGPIFSGLDATLNOX
                            104 	.globl _XGPIFSGLDATLX
                            105 	.globl _XGPIFSGLDATH
                            106 	.globl _EP8GPIFTRIG
                            107 	.globl _EP8GPIFPFSTOP
                            108 	.globl _EP8GPIFFLGSEL
                            109 	.globl _EP6GPIFTRIG
                            110 	.globl _EP6GPIFPFSTOP
                            111 	.globl _EP6GPIFFLGSEL
                            112 	.globl _EP4GPIFTRIG
                            113 	.globl _EP4GPIFPFSTOP
                            114 	.globl _EP4GPIFFLGSEL
                            115 	.globl _EP2GPIFTRIG
                            116 	.globl _EP2GPIFPFSTOP
                            117 	.globl _EP2GPIFFLGSEL
                            118 	.globl _GPIFTCB0
                            119 	.globl _GPIFTCB1
                            120 	.globl _GPIFTCB2
                            121 	.globl _GPIFTCB3
                            122 	.globl _GPIFADRL
                            123 	.globl _GPIFADRH
                            124 	.globl _GPIFCTLCFG
                            125 	.globl _GPIFIDLECTL
                            126 	.globl _GPIFIDLECS
                            127 	.globl _GPIFWFSELECT
                            128 	.globl _SETUPDAT
                            129 	.globl _SUDPTRCTL
                            130 	.globl _SUDPTRL
                            131 	.globl _SUDPTRH
                            132 	.globl _EP8FIFOBCL
                            133 	.globl _EP8FIFOBCH
                            134 	.globl _EP6FIFOBCL
                            135 	.globl _EP6FIFOBCH
                            136 	.globl _EP4FIFOBCL
                            137 	.globl _EP4FIFOBCH
                            138 	.globl _EP2FIFOBCL
                            139 	.globl _EP2FIFOBCH
                            140 	.globl _EP8FIFOFLGS
                            141 	.globl _EP6FIFOFLGS
                            142 	.globl _EP4FIFOFLGS
                            143 	.globl _EP2FIFOFLGS
                            144 	.globl _EP8CS
                            145 	.globl _EP6CS
                            146 	.globl _EP4CS
                            147 	.globl _EP2CS
                            148 	.globl _EP1INCS
                            149 	.globl _EP1OUTCS
                            150 	.globl _EP0CS
                            151 	.globl _EP8BCL
                            152 	.globl _EP8BCH
                            153 	.globl _EP6BCL
                            154 	.globl _EP6BCH
                            155 	.globl _EP4BCL
                            156 	.globl _EP4BCH
                            157 	.globl _EP2BCL
                            158 	.globl _EP2BCH
                            159 	.globl _EP1INBC
                            160 	.globl _EP1OUTBC
                            161 	.globl _EP0BCL
                            162 	.globl _EP0BCH
                            163 	.globl _FNADDR
                            164 	.globl _MICROFRAME
                            165 	.globl _USBFRAMEL
                            166 	.globl _USBFRAMEH
                            167 	.globl _TOGCTL
                            168 	.globl _WAKEUPCS
                            169 	.globl _SUSPEND
                            170 	.globl _USBCS
                            171 	.globl _XAUTODAT2
                            172 	.globl _XAUTODAT1
                            173 	.globl _I2CTL
                            174 	.globl _I2DAT
                            175 	.globl _I2CS
                            176 	.globl _PORTECFG
                            177 	.globl _PORTCCFG
                            178 	.globl _PORTACFG
                            179 	.globl _INTSETUP
                            180 	.globl _INT4IVEC
                            181 	.globl _INT2IVEC
                            182 	.globl _CLRERRCNT
                            183 	.globl _ERRCNTLIM
                            184 	.globl _USBERRIRQ
                            185 	.globl _USBERRIE
                            186 	.globl _GPIFIRQ
                            187 	.globl _GPIFIE
                            188 	.globl _EPIRQ
                            189 	.globl _EPIE
                            190 	.globl _USBIRQ
                            191 	.globl _USBIE
                            192 	.globl _NAKIRQ
                            193 	.globl _NAKIE
                            194 	.globl _IBNIRQ
                            195 	.globl _IBNIE
                            196 	.globl _EP8FIFOIRQ
                            197 	.globl _EP8FIFOIE
                            198 	.globl _EP6FIFOIRQ
                            199 	.globl _EP6FIFOIE
                            200 	.globl _EP4FIFOIRQ
                            201 	.globl _EP4FIFOIE
                            202 	.globl _EP2FIFOIRQ
                            203 	.globl _EP2FIFOIE
                            204 	.globl _OUTPKTEND
                            205 	.globl _INPKTEND
                            206 	.globl _EP8ISOINPKTS
                            207 	.globl _EP6ISOINPKTS
                            208 	.globl _EP4ISOINPKTS
                            209 	.globl _EP2ISOINPKTS
                            210 	.globl _EP8FIFOPFL
                            211 	.globl _EP8FIFOPFH
                            212 	.globl _EP6FIFOPFL
                            213 	.globl _EP6FIFOPFH
                            214 	.globl _EP4FIFOPFL
                            215 	.globl _EP4FIFOPFH
                            216 	.globl _EP2FIFOPFL
                            217 	.globl _EP2FIFOPFH
                            218 	.globl _EP8AUTOINLENL
                            219 	.globl _EP8AUTOINLENH
                            220 	.globl _EP6AUTOINLENL
                            221 	.globl _EP6AUTOINLENH
                            222 	.globl _EP4AUTOINLENL
                            223 	.globl _EP4AUTOINLENH
                            224 	.globl _EP2AUTOINLENL
                            225 	.globl _EP2AUTOINLENH
                            226 	.globl _EP8FIFOCFG
                            227 	.globl _EP6FIFOCFG
                            228 	.globl _EP4FIFOCFG
                            229 	.globl _EP2FIFOCFG
                            230 	.globl _EP8CFG
                            231 	.globl _EP6CFG
                            232 	.globl _EP4CFG
                            233 	.globl _EP2CFG
                            234 	.globl _EP1INCFG
                            235 	.globl _EP1OUTCFG
                            236 	.globl _REVCTL
                            237 	.globl _REVID
                            238 	.globl _FIFOPINPOLAR
                            239 	.globl _UART230
                            240 	.globl _BPADDRL
                            241 	.globl _BPADDRH
                            242 	.globl _BREAKPT
                            243 	.globl _FIFORESET
                            244 	.globl _PINFLAGSCD
                            245 	.globl _PINFLAGSAB
                            246 	.globl _IFCONFIG
                            247 	.globl _CPUCS
                            248 	.globl _RES_WAVEDATA_END
                            249 	.globl _GPIF_WAVE_DATA
                            250 	.globl _dat
                            251 ;--------------------------------------------------------
                            252 ; special function registers
                            253 ;--------------------------------------------------------
                            254 	.area RSEG    (ABS,DATA)
   0000                     255 	.org 0x0000
                    0080    256 _IOA	=	0x0080
                    0081    257 _SP	=	0x0081
                    0082    258 _DPL	=	0x0082
                    0083    259 _DPH	=	0x0083
                    0084    260 _DPL1	=	0x0084
                    0085    261 _DPH1	=	0x0085
                    0086    262 _DPS	=	0x0086
                    0087    263 _PCON	=	0x0087
                    0088    264 _TCON	=	0x0088
                    0089    265 _TMOD	=	0x0089
                    008A    266 _TL0	=	0x008a
                    008B    267 _TL1	=	0x008b
                    008C    268 _TH0	=	0x008c
                    008D    269 _TH1	=	0x008d
                    008E    270 _CKCO	=	0x008e
                    008F    271 _SPC_	=	0x008f
                    0090    272 _IOB	=	0x0090
                    0091    273 _EXIF	=	0x0091
                    0092    274 _MPA	=	0x0092
                    0098    275 _SCO	=	0x0098
                    0099    276 _SBU	=	0x0099
                    009A    277 _APTR1H	=	0x009a
                    009B    278 _APTR1L	=	0x009b
                    009C    279 _AUTODAT1	=	0x009c
                    009D    280 _AUTOPTRH2	=	0x009d
                    009E    281 _AUTOPTRL2	=	0x009e
                    009F    282 _AUTODAT2	=	0x009f
                    00A0    283 _IOC	=	0x00a0
                    00A1    284 _INT2CLR	=	0x00a1
                    00A2    285 _INT4CLR	=	0x00a2
                    00A8    286 _IE	=	0x00a8
                    00AA    287 _EP2468STAT	=	0x00aa
                    00AB    288 _EP24FIFOFLGS	=	0x00ab
                    00AC    289 _EP68FIFOFLGS	=	0x00ac
                    00AF    290 _AUTOPTRSETUP	=	0x00af
                    00B0    291 _IOD	=	0x00b0
                    00B1    292 _IOE	=	0x00b1
                    00B2    293 _OEA	=	0x00b2
                    00B3    294 _OEB	=	0x00b3
                    00B4    295 _OEC	=	0x00b4
                    00B5    296 _OED	=	0x00b5
                    00B6    297 _OEE	=	0x00b6
                    00B8    298 _IP	=	0x00b8
                    00BA    299 _EP01STAT	=	0x00ba
                    00BB    300 _GPIFTRIG	=	0x00bb
                    00BD    301 _GPIFSGLDATH	=	0x00bd
                    00BE    302 _GPIFSGLDATLX	=	0x00be
                    00BF    303 _GPIFSGLDATLNOX	=	0x00bf
                    00C0    304 _SCON1	=	0x00c0
                    00C1    305 _SBUF1	=	0x00c1
                    00C8    306 _T2CON	=	0x00c8
                    00CA    307 _RCAP2L	=	0x00ca
                    00CB    308 _RCAP2H	=	0x00cb
                    00CC    309 _TL2	=	0x00cc
                    00CD    310 _TH2	=	0x00cd
                    00D0    311 _PSW	=	0x00d0
                    00D8    312 _EICON	=	0x00d8
                    00E0    313 _ACC	=	0x00e0
                    00E8    314 _EIE	=	0x00e8
                    00F0    315 _B	=	0x00f0
                    00F8    316 _EIP	=	0x00f8
                            317 ;--------------------------------------------------------
                            318 ; special function bits
                            319 ;--------------------------------------------------------
                            320 	.area RSEG    (ABS,DATA)
   0000                     321 	.org 0x0000
                            322 ;--------------------------------------------------------
                            323 ; overlayable register banks
                            324 ;--------------------------------------------------------
                            325 	.area REG_BANK_0	(REL,OVR,DATA)
   0000                     326 	.ds 8
                            327 ;--------------------------------------------------------
                            328 ; internal ram data
                            329 ;--------------------------------------------------------
                            330 	.area DSEG    (DATA)
   0000                     331 _dat::
   0000                     332 	.ds 2
                            333 ;--------------------------------------------------------
                            334 ; overlayable items in internal ram 
                            335 ;--------------------------------------------------------
                            336 	.area	OSEG    (OVR,DATA)
                            337 	.area	OSEG    (OVR,DATA)
   0000                     338 _ProcessSendData_len_1_1:
   0000                     339 	.ds 2
   0002                     340 _ProcessSendData_i_1_1:
   0002                     341 	.ds 2
                            342 ;--------------------------------------------------------
                            343 ; Stack segment in internal ram 
                            344 ;--------------------------------------------------------
                            345 	.area	SSEG	(DATA)
   0000                     346 __start__stack:
   0000                     347 	.ds	1
                            348 
                            349 ;--------------------------------------------------------
                            350 ; indirectly addressable internal ram data
                            351 ;--------------------------------------------------------
                            352 	.area ISEG    (DATA)
                            353 ;--------------------------------------------------------
                            354 ; absolute internal ram data
                            355 ;--------------------------------------------------------
                            356 	.area IABS    (ABS,DATA)
                            357 	.area IABS    (ABS,DATA)
                            358 ;--------------------------------------------------------
                            359 ; bit data
                            360 ;--------------------------------------------------------
                            361 	.area BSEG    (BIT)
                            362 ;--------------------------------------------------------
                            363 ; paged external ram data
                            364 ;--------------------------------------------------------
                            365 	.area PSEG    (PAG,XDATA)
                            366 ;--------------------------------------------------------
                            367 ; external ram data
                            368 ;--------------------------------------------------------
                            369 	.area XSEG    (XDATA)
                    E400    370 _GPIF_WAVE_DATA	=	0xe400
                    E480    371 _RES_WAVEDATA_END	=	0xe480
                    E600    372 _CPUCS	=	0xe600
                    E601    373 _IFCONFIG	=	0xe601
                    E602    374 _PINFLAGSAB	=	0xe602
                    E603    375 _PINFLAGSCD	=	0xe603
                    E604    376 _FIFORESET	=	0xe604
                    E605    377 _BREAKPT	=	0xe605
                    E606    378 _BPADDRH	=	0xe606
                    E607    379 _BPADDRL	=	0xe607
                    E608    380 _UART230	=	0xe608
                    E609    381 _FIFOPINPOLAR	=	0xe609
                    E60A    382 _REVID	=	0xe60a
                    E60B    383 _REVCTL	=	0xe60b
                    E610    384 _EP1OUTCFG	=	0xe610
                    E611    385 _EP1INCFG	=	0xe611
                    E612    386 _EP2CFG	=	0xe612
                    E613    387 _EP4CFG	=	0xe613
                    E614    388 _EP6CFG	=	0xe614
                    E615    389 _EP8CFG	=	0xe615
                    E618    390 _EP2FIFOCFG	=	0xe618
                    E619    391 _EP4FIFOCFG	=	0xe619
                    E61A    392 _EP6FIFOCFG	=	0xe61a
                    E61B    393 _EP8FIFOCFG	=	0xe61b
                    E620    394 _EP2AUTOINLENH	=	0xe620
                    E621    395 _EP2AUTOINLENL	=	0xe621
                    E622    396 _EP4AUTOINLENH	=	0xe622
                    E623    397 _EP4AUTOINLENL	=	0xe623
                    E624    398 _EP6AUTOINLENH	=	0xe624
                    E625    399 _EP6AUTOINLENL	=	0xe625
                    E626    400 _EP8AUTOINLENH	=	0xe626
                    E627    401 _EP8AUTOINLENL	=	0xe627
                    E630    402 _EP2FIFOPFH	=	0xe630
                    E631    403 _EP2FIFOPFL	=	0xe631
                    E632    404 _EP4FIFOPFH	=	0xe632
                    E633    405 _EP4FIFOPFL	=	0xe633
                    E634    406 _EP6FIFOPFH	=	0xe634
                    E635    407 _EP6FIFOPFL	=	0xe635
                    E636    408 _EP8FIFOPFH	=	0xe636
                    E637    409 _EP8FIFOPFL	=	0xe637
                    E640    410 _EP2ISOINPKTS	=	0xe640
                    E641    411 _EP4ISOINPKTS	=	0xe641
                    E642    412 _EP6ISOINPKTS	=	0xe642
                    E643    413 _EP8ISOINPKTS	=	0xe643
                    E648    414 _INPKTEND	=	0xe648
                    E649    415 _OUTPKTEND	=	0xe649
                    E650    416 _EP2FIFOIE	=	0xe650
                    E651    417 _EP2FIFOIRQ	=	0xe651
                    E652    418 _EP4FIFOIE	=	0xe652
                    E653    419 _EP4FIFOIRQ	=	0xe653
                    E654    420 _EP6FIFOIE	=	0xe654
                    E655    421 _EP6FIFOIRQ	=	0xe655
                    E656    422 _EP8FIFOIE	=	0xe656
                    E657    423 _EP8FIFOIRQ	=	0xe657
                    E658    424 _IBNIE	=	0xe658
                    E659    425 _IBNIRQ	=	0xe659
                    E65A    426 _NAKIE	=	0xe65a
                    E65B    427 _NAKIRQ	=	0xe65b
                    E65C    428 _USBIE	=	0xe65c
                    E65D    429 _USBIRQ	=	0xe65d
                    E65E    430 _EPIE	=	0xe65e
                    E65F    431 _EPIRQ	=	0xe65f
                    E660    432 _GPIFIE	=	0xe660
                    E661    433 _GPIFIRQ	=	0xe661
                    E662    434 _USBERRIE	=	0xe662
                    E663    435 _USBERRIRQ	=	0xe663
                    E664    436 _ERRCNTLIM	=	0xe664
                    E665    437 _CLRERRCNT	=	0xe665
                    E666    438 _INT2IVEC	=	0xe666
                    E667    439 _INT4IVEC	=	0xe667
                    E668    440 _INTSETUP	=	0xe668
                    E670    441 _PORTACFG	=	0xe670
                    E671    442 _PORTCCFG	=	0xe671
                    E672    443 _PORTECFG	=	0xe672
                    E678    444 _I2CS	=	0xe678
                    E679    445 _I2DAT	=	0xe679
                    E67A    446 _I2CTL	=	0xe67a
                    E67B    447 _XAUTODAT1	=	0xe67b
                    E67C    448 _XAUTODAT2	=	0xe67c
                    E680    449 _USBCS	=	0xe680
                    E681    450 _SUSPEND	=	0xe681
                    E682    451 _WAKEUPCS	=	0xe682
                    E683    452 _TOGCTL	=	0xe683
                    E684    453 _USBFRAMEH	=	0xe684
                    E685    454 _USBFRAMEL	=	0xe685
                    E686    455 _MICROFRAME	=	0xe686
                    E687    456 _FNADDR	=	0xe687
                    E68A    457 _EP0BCH	=	0xe68a
                    E68B    458 _EP0BCL	=	0xe68b
                    E68D    459 _EP1OUTBC	=	0xe68d
                    E68F    460 _EP1INBC	=	0xe68f
                    E690    461 _EP2BCH	=	0xe690
                    E691    462 _EP2BCL	=	0xe691
                    E694    463 _EP4BCH	=	0xe694
                    E695    464 _EP4BCL	=	0xe695
                    E698    465 _EP6BCH	=	0xe698
                    E699    466 _EP6BCL	=	0xe699
                    E69C    467 _EP8BCH	=	0xe69c
                    E69D    468 _EP8BCL	=	0xe69d
                    E6A0    469 _EP0CS	=	0xe6a0
                    E6A1    470 _EP1OUTCS	=	0xe6a1
                    E6A2    471 _EP1INCS	=	0xe6a2
                    E6A3    472 _EP2CS	=	0xe6a3
                    E6A4    473 _EP4CS	=	0xe6a4
                    E6A5    474 _EP6CS	=	0xe6a5
                    E6A6    475 _EP8CS	=	0xe6a6
                    E6A7    476 _EP2FIFOFLGS	=	0xe6a7
                    E6A8    477 _EP4FIFOFLGS	=	0xe6a8
                    E6A9    478 _EP6FIFOFLGS	=	0xe6a9
                    E6AA    479 _EP8FIFOFLGS	=	0xe6aa
                    E6AB    480 _EP2FIFOBCH	=	0xe6ab
                    E6AC    481 _EP2FIFOBCL	=	0xe6ac
                    E6AD    482 _EP4FIFOBCH	=	0xe6ad
                    E6AE    483 _EP4FIFOBCL	=	0xe6ae
                    E6AF    484 _EP6FIFOBCH	=	0xe6af
                    E6B0    485 _EP6FIFOBCL	=	0xe6b0
                    E6B1    486 _EP8FIFOBCH	=	0xe6b1
                    E6B2    487 _EP8FIFOBCL	=	0xe6b2
                    E6B3    488 _SUDPTRH	=	0xe6b3
                    E6B4    489 _SUDPTRL	=	0xe6b4
                    E6B5    490 _SUDPTRCTL	=	0xe6b5
                    E6B8    491 _SETUPDAT	=	0xe6b8
                    E6C0    492 _GPIFWFSELECT	=	0xe6c0
                    E6C1    493 _GPIFIDLECS	=	0xe6c1
                    E6C2    494 _GPIFIDLECTL	=	0xe6c2
                    E6C3    495 _GPIFCTLCFG	=	0xe6c3
                    E6C4    496 _GPIFADRH	=	0xe6c4
                    E6C5    497 _GPIFADRL	=	0xe6c5
                    E6CE    498 _GPIFTCB3	=	0xe6ce
                    E6CF    499 _GPIFTCB2	=	0xe6cf
                    E6D0    500 _GPIFTCB1	=	0xe6d0
                    E6D1    501 _GPIFTCB0	=	0xe6d1
                    E6D2    502 _EP2GPIFFLGSEL	=	0xe6d2
                    E6D3    503 _EP2GPIFPFSTOP	=	0xe6d3
                    E6D4    504 _EP2GPIFTRIG	=	0xe6d4
                    E6DA    505 _EP4GPIFFLGSEL	=	0xe6da
                    E6DB    506 _EP4GPIFPFSTOP	=	0xe6db
                    E6DC    507 _EP4GPIFTRIG	=	0xe6dc
                    E6E2    508 _EP6GPIFFLGSEL	=	0xe6e2
                    E6E3    509 _EP6GPIFPFSTOP	=	0xe6e3
                    E6E4    510 _EP6GPIFTRIG	=	0xe6e4
                    E6EA    511 _EP8GPIFFLGSEL	=	0xe6ea
                    E6EB    512 _EP8GPIFPFSTOP	=	0xe6eb
                    E6EC    513 _EP8GPIFTRIG	=	0xe6ec
                    E6F0    514 _XGPIFSGLDATH	=	0xe6f0
                    E6F1    515 _XGPIFSGLDATLX	=	0xe6f1
                    E6F2    516 _XGPIFSGLDATLNOX	=	0xe6f2
                    E6F3    517 _GPIFREADYCFG	=	0xe6f3
                    E6F4    518 _GPIFREADYSTAT	=	0xe6f4
                    E6F5    519 _GPIFABORT	=	0xe6f5
                    E6C6    520 _FLOWSTATE	=	0xe6c6
                    E6C7    521 _FLOWLOGIC	=	0xe6c7
                    E6C8    522 _FLOWEQ0CTL	=	0xe6c8
                    E6C9    523 _FLOWEQ1CTL	=	0xe6c9
                    E6CA    524 _FLOWHOLDOFF	=	0xe6ca
                    E6CB    525 _FLOWSTB	=	0xe6cb
                    E6CC    526 _FLOWSTBEDGE	=	0xe6cc
                    E6CD    527 _FLOWSTBHPERIOD	=	0xe6cd
                    E60C    528 _GPIFHOLDAMOUNT	=	0xe60c
                    E67D    529 _UDMACRCH	=	0xe67d
                    E67E    530 _UDMACRCL	=	0xe67e
                    E67F    531 _UDMACRCQUAL	=	0xe67f
                    E6F8    532 _DBUG	=	0xe6f8
                    E6F9    533 _TESTCFG	=	0xe6f9
                    E6FA    534 _USBTEST	=	0xe6fa
                    E6FB    535 _CT1	=	0xe6fb
                    E6FC    536 _CT2	=	0xe6fc
                    E6FD    537 _CT3	=	0xe6fd
                    E6FE    538 _CT4	=	0xe6fe
                    E740    539 _EP0BUF	=	0xe740
                    E780    540 _EP1OUTBUF	=	0xe780
                    E7C0    541 _EP1INBUF	=	0xe7c0
                    F000    542 _EP2FIFOBUF	=	0xf000
                    F400    543 _EP4FIFOBUF	=	0xf400
                    F800    544 _EP6FIFOBUF	=	0xf800
                    FC00    545 _EP8FIFOBUF	=	0xfc00
                            546 ;--------------------------------------------------------
                            547 ; absolute external ram data
                            548 ;--------------------------------------------------------
                            549 	.area XABS    (ABS,XDATA)
                            550 ;--------------------------------------------------------
                            551 ; external initialized ram data
                            552 ;--------------------------------------------------------
                            553 	.area XISEG   (XDATA)
                            554 	.area HOME    (CODE)
                            555 	.area GSINIT0 (CODE)
                            556 	.area GSINIT1 (CODE)
                            557 	.area GSINIT2 (CODE)
                            558 	.area GSINIT3 (CODE)
                            559 	.area GSINIT4 (CODE)
                            560 	.area GSINIT5 (CODE)
                            561 	.area GSINIT  (CODE)
                            562 	.area GSFINAL (CODE)
                            563 	.area CSEG    (CODE)
                            564 ;--------------------------------------------------------
                            565 ; interrupt vector 
                            566 ;--------------------------------------------------------
                            567 	.area HOME    (CODE)
   0000                     568 __interrupt_vect:
   0000 02s00r00            569 	ljmp	__sdcc_gsinit_startup
                            570 ;--------------------------------------------------------
                            571 ; global & static initialisations
                            572 ;--------------------------------------------------------
                            573 	.area HOME    (CODE)
                            574 	.area GSINIT  (CODE)
                            575 	.area GSFINAL (CODE)
                            576 	.area GSINIT  (CODE)
                            577 	.globl __sdcc_gsinit_startup
                            578 	.globl __sdcc_program_startup
                            579 	.globl __start__stack
                            580 	.globl __mcs51_genXINIT
                            581 	.globl __mcs51_genXRAMCLEAR
                            582 	.globl __mcs51_genRAMCLEAR
                            583 ;	dds.c:24: xdata unsigned char *dat = (xdata unsigned char) 0xE000;
   0000 E4                  584 	clr	a
   0001 F5*00               585 	mov	_dat,a
   0003 F5*01               586 	mov	(_dat + 1),a
                            587 	.area GSFINAL (CODE)
   0000 02s00r03            588 	ljmp	__sdcc_program_startup
                            589 ;--------------------------------------------------------
                            590 ; Home
                            591 ;--------------------------------------------------------
                            592 	.area HOME    (CODE)
                            593 	.area HOME    (CODE)
   0003                     594 __sdcc_program_startup:
   0003 12s01rAD            595 	lcall	_main
                            596 ;	return from main will lock up
   0006 80 FE               597 	sjmp .
                            598 ;--------------------------------------------------------
                            599 ; code
                            600 ;--------------------------------------------------------
                            601 	.area CSEG    (CODE)
                            602 ;------------------------------------------------------------
                            603 ;Allocation info for local variables in function 'Initialize'
                            604 ;------------------------------------------------------------
                            605 ;n                         Allocated to registers r6 r7 
                            606 ;------------------------------------------------------------
                            607 ;	dds.c:26: static void Initialize(void)
                            608 ;	-----------------------------------------
                            609 ;	 function Initialize
                            610 ;	-----------------------------------------
   0000                     611 _Initialize:
                    0007    612 	ar7 = 0x07
                    0006    613 	ar6 = 0x06
                    0005    614 	ar5 = 0x05
                    0004    615 	ar4 = 0x04
                    0003    616 	ar3 = 0x03
                    0002    617 	ar2 = 0x02
                    0001    618 	ar1 = 0x01
                    0000    619 	ar0 = 0x00
                            620 ;	dds.c:29: CPUCS=0x10;   // 48 MHz, CLKOUT output disabled. 
   0000 90 E6 00            621 	mov	dptr,#_CPUCS
   0003 74 10               622 	mov	a,#0x10
   0005 F0                  623 	movx	@dptr,a
                            624 ;	dds.c:50: IFCONFIG=0x43;  // External IFCLK, 48MHz; slave FIFO. 
   0006 90 E6 01            625 	mov	dptr,#_IFCONFIG
   0009 74 43               626 	mov	a,#0x43
   000B F0                  627 	movx	@dptr,a
                            628 ;	dds.c:51: SYNCDELAY;
   000C 00                  629 	 nop 
   000D 00                  630 	 nop 
   000E 00                  631 	 nop 
   000F 00                  632 	 nop 
   0010 00                  633 	 nop 
   0011 00                  634 	 nop 
   0012 00                  635 	 nop 
   0013 00                  636 	 nop 
                            637 ;	dds.c:53: IFCONFIG=0xC0;  // External IFCLK, 48MHz; slave FIFO. 
   0014 90 E6 01            638 	mov	dptr,#_IFCONFIG
   0017 74 C0               639 	mov	a,#0xC0
   0019 F0                  640 	movx	@dptr,a
                            641 ;	dds.c:54: SYNCDELAY;
   001A 00                  642 	 nop 
   001B 00                  643 	 nop 
   001C 00                  644 	 nop 
   001D 00                  645 	 nop 
   001E 00                  646 	 nop 
   001F 00                  647 	 nop 
   0020 00                  648 	 nop 
   0021 00                  649 	 nop 
                            650 ;	dds.c:80: FIFOPINPOLAR=0x00;
   0022 90 E6 09            651 	mov	dptr,#_FIFOPINPOLAR
   0025 E4                  652 	clr	a
   0026 F0                  653 	movx	@dptr,a
                            654 ;	dds.c:81: SYNCDELAY;
   0027 00                  655 	 nop 
   0028 00                  656 	 nop 
   0029 00                  657 	 nop 
   002A 00                  658 	 nop 
   002B 00                  659 	 nop 
   002C 00                  660 	 nop 
   002D 00                  661 	 nop 
   002E 00                  662 	 nop 
                            663 ;	dds.c:83: FIFOPINPOLAR=0x0c;
   002F 90 E6 09            664 	mov	dptr,#_FIFOPINPOLAR
   0032 74 0C               665 	mov	a,#0x0C
   0034 F0                  666 	movx	@dptr,a
                            667 ;	dds.c:84: SYNCDELAY;
   0035 00                  668 	 nop 
   0036 00                  669 	 nop 
   0037 00                  670 	 nop 
   0038 00                  671 	 nop 
   0039 00                  672 	 nop 
   003A 00                  673 	 nop 
   003B 00                  674 	 nop 
   003C 00                  675 	 nop 
                            676 ;	dds.c:87: REVCTL=0x03;  // See TRM...
   003D 90 E6 0B            677 	mov	dptr,#_REVCTL
   0040 74 03               678 	mov	a,#0x03
   0042 F0                  679 	movx	@dptr,a
                            680 ;	dds.c:88: SYNCDELAY;
   0043 00                  681 	 nop 
   0044 00                  682 	 nop 
   0045 00                  683 	 nop 
   0046 00                  684 	 nop 
   0047 00                  685 	 nop 
   0048 00                  686 	 nop 
   0049 00                  687 	 nop 
   004A 00                  688 	 nop 
                            689 ;	dds.c:90: EP6CFG=0xe2;  // 1110 0010 (bulk IN, 512 bytes, double-buffered)
   004B 90 E6 14            690 	mov	dptr,#_EP6CFG
   004E 74 E2               691 	mov	a,#0xE2
   0050 F0                  692 	movx	@dptr,a
                            693 ;	dds.c:91: SYNCDELAY;
   0051 00                  694 	 nop 
   0052 00                  695 	 nop 
   0053 00                  696 	 nop 
   0054 00                  697 	 nop 
   0055 00                  698 	 nop 
   0056 00                  699 	 nop 
   0057 00                  700 	 nop 
   0058 00                  701 	 nop 
                            702 ;	dds.c:93: EP2CFG=0xa2;  // 1010 0010 (bulk OUT, 512 bytes, double-buffered)
   0059 90 E6 12            703 	mov	dptr,#_EP2CFG
   005C 74 A2               704 	mov	a,#0xA2
   005E F0                  705 	movx	@dptr,a
                            706 ;	dds.c:94: SYNCDELAY;
   005F 00                  707 	 nop 
   0060 00                  708 	 nop 
   0061 00                  709 	 nop 
   0062 00                  710 	 nop 
   0063 00                  711 	 nop 
   0064 00                  712 	 nop 
   0065 00                  713 	 nop 
   0066 00                  714 	 nop 
                            715 ;	dds.c:96: FIFORESET = 0x80;  SYNCDELAY;  // NAK all requests from host. 
   0067 90 E6 04            716 	mov	dptr,#_FIFORESET
   006A 74 80               717 	mov	a,#0x80
   006C F0                  718 	movx	@dptr,a
   006D 00                  719 	 nop 
   006E 00                  720 	 nop 
   006F 00                  721 	 nop 
   0070 00                  722 	 nop 
   0071 00                  723 	 nop 
   0072 00                  724 	 nop 
   0073 00                  725 	 nop 
   0074 00                  726 	 nop 
                            727 ;	dds.c:97: FIFORESET = 0x82;  SYNCDELAY;  // Reset individual EP (2,4,6,8)
   0075 90 E6 04            728 	mov	dptr,#_FIFORESET
   0078 74 82               729 	mov	a,#0x82
   007A F0                  730 	movx	@dptr,a
   007B 00                  731 	 nop 
   007C 00                  732 	 nop 
   007D 00                  733 	 nop 
   007E 00                  734 	 nop 
   007F 00                  735 	 nop 
   0080 00                  736 	 nop 
   0081 00                  737 	 nop 
   0082 00                  738 	 nop 
                            739 ;	dds.c:98: FIFORESET = 0x84;  SYNCDELAY;
   0083 90 E6 04            740 	mov	dptr,#_FIFORESET
   0086 74 84               741 	mov	a,#0x84
   0088 F0                  742 	movx	@dptr,a
   0089 00                  743 	 nop 
   008A 00                  744 	 nop 
   008B 00                  745 	 nop 
   008C 00                  746 	 nop 
   008D 00                  747 	 nop 
   008E 00                  748 	 nop 
   008F 00                  749 	 nop 
   0090 00                  750 	 nop 
                            751 ;	dds.c:99: FIFORESET = 0x86;  SYNCDELAY;
   0091 90 E6 04            752 	mov	dptr,#_FIFORESET
   0094 74 86               753 	mov	a,#0x86
   0096 F0                  754 	movx	@dptr,a
   0097 00                  755 	 nop 
   0098 00                  756 	 nop 
   0099 00                  757 	 nop 
   009A 00                  758 	 nop 
   009B 00                  759 	 nop 
   009C 00                  760 	 nop 
   009D 00                  761 	 nop 
   009E 00                  762 	 nop 
                            763 ;	dds.c:100: FIFORESET = 0x88;  SYNCDELAY;
   009F 90 E6 04            764 	mov	dptr,#_FIFORESET
   00A2 74 88               765 	mov	a,#0x88
   00A4 F0                  766 	movx	@dptr,a
   00A5 00                  767 	 nop 
   00A6 00                  768 	 nop 
   00A7 00                  769 	 nop 
   00A8 00                  770 	 nop 
   00A9 00                  771 	 nop 
   00AA 00                  772 	 nop 
   00AB 00                  773 	 nop 
   00AC 00                  774 	 nop 
                            775 ;	dds.c:101: FIFORESET = 0x00;  SYNCDELAY;  // Resume normal operation. 
   00AD 90 E6 04            776 	mov	dptr,#_FIFORESET
   00B0 E4                  777 	clr	a
   00B1 F0                  778 	movx	@dptr,a
   00B2 00                  779 	 nop 
   00B3 00                  780 	 nop 
   00B4 00                  781 	 nop 
   00B5 00                  782 	 nop 
   00B6 00                  783 	 nop 
   00B7 00                  784 	 nop 
   00B8 00                  785 	 nop 
   00B9 00                  786 	 nop 
                            787 ;	dds.c:103: EP2FIFOCFG = 0x00;  // Make sure AUTOOUT=0. 
   00BA 90 E6 18            788 	mov	dptr,#_EP2FIFOCFG
   00BD E4                  789 	clr	a
   00BE F0                  790 	movx	@dptr,a
                            791 ;	dds.c:104: SYNCDELAY;
   00BF 00                  792 	 nop 
   00C0 00                  793 	 nop 
   00C1 00                  794 	 nop 
   00C2 00                  795 	 nop 
   00C3 00                  796 	 nop 
   00C4 00                  797 	 nop 
   00C5 00                  798 	 nop 
   00C6 00                  799 	 nop 
                            800 ;	dds.c:109: OUTPKTEND = 0x82;  SYNCDELAY;
   00C7 90 E6 49            801 	mov	dptr,#_OUTPKTEND
   00CA 74 82               802 	mov	a,#0x82
   00CC F0                  803 	movx	@dptr,a
   00CD 00                  804 	 nop 
   00CE 00                  805 	 nop 
   00CF 00                  806 	 nop 
   00D0 00                  807 	 nop 
   00D1 00                  808 	 nop 
   00D2 00                  809 	 nop 
   00D3 00                  810 	 nop 
   00D4 00                  811 	 nop 
                            812 ;	dds.c:110: OUTPKTEND = 0x82;  SYNCDELAY;
   00D5 90 E6 49            813 	mov	dptr,#_OUTPKTEND
   00D8 74 82               814 	mov	a,#0x82
   00DA F0                  815 	movx	@dptr,a
   00DB 00                  816 	 nop 
   00DC 00                  817 	 nop 
   00DD 00                  818 	 nop 
   00DE 00                  819 	 nop 
   00DF 00                  820 	 nop 
   00E0 00                  821 	 nop 
   00E1 00                  822 	 nop 
   00E2 00                  823 	 nop 
                            824 ;	dds.c:114: PORTACFG = 0x00;
   00E3 90 E6 70            825 	mov	dptr,#_PORTACFG
   00E6 E4                  826 	clr	a
   00E7 F0                  827 	movx	@dptr,a
                            828 ;	dds.c:115: SYNCDELAY; // maybe not needed
   00E8 00                  829 	 nop 
   00E9 00                  830 	 nop 
   00EA 00                  831 	 nop 
   00EB 00                  832 	 nop 
   00EC 00                  833 	 nop 
   00ED 00                  834 	 nop 
   00EE 00                  835 	 nop 
   00EF 00                  836 	 nop 
                            837 ;	dds.c:118: OEA = 0x00;
   00F0 75 B2 00            838 	mov	_OEA,#0x00
                            839 ;	dds.c:119: OEB = 0x00;
   00F3 75 B3 00            840 	mov	_OEB,#0x00
                            841 ;	dds.c:120: OEC = 0x00;
   00F6 75 B4 00            842 	mov	_OEC,#0x00
                            843 ;	dds.c:121: OED = 0x00;
   00F9 75 B5 00            844 	mov	_OED,#0x00
                            845 ;	dds.c:123: OED = 0x0F;
   00FC 75 B5 0F            846 	mov	_OED,#0x0F
                            847 ;	dds.c:125: for(n = 0; n < 100;n++) dat[n] = 0;
   00FF 7E 00               848 	mov	r6,#0x00
   0101 7F 00               849 	mov	r7,#0x00
   0103                     850 00101$:
   0103 C3                  851 	clr	c
   0104 EE                  852 	mov	a,r6
   0105 94 64               853 	subb	a,#0x64
   0107 EF                  854 	mov	a,r7
   0108 64 80               855 	xrl	a,#0x80
   010A 94 80               856 	subb	a,#0x80
   010C 50 13               857 	jnc	00105$
   010E EE                  858 	mov	a,r6
   010F 25*00               859 	add	a,_dat
   0111 F5 82               860 	mov	dpl,a
   0113 EF                  861 	mov	a,r7
   0114 35*01               862 	addc	a,(_dat + 1)
   0116 F5 83               863 	mov	dph,a
   0118 E4                  864 	clr	a
   0119 F0                  865 	movx	@dptr,a
   011A 0E                  866 	inc	r6
   011B BE 00 E5            867 	cjne	r6,#0x00,00101$
   011E 0F                  868 	inc	r7
   011F 80 E2               869 	sjmp	00101$
   0121                     870 00105$:
   0121 22                  871 	ret
                            872 ;------------------------------------------------------------
                            873 ;Allocation info for local variables in function 'ProcessSendData'
                            874 ;------------------------------------------------------------
                            875 ;src                       Allocated to registers 
                            876 ;dest                      Allocated to registers 
                            877 ;len                       Allocated with name '_ProcessSendData_len_1_1'
                            878 ;i                         Allocated with name '_ProcessSendData_i_1_1'
                            879 ;------------------------------------------------------------
                            880 ;	dds.c:130: static void ProcessSendData(void)
                            881 ;	-----------------------------------------
                            882 ;	 function ProcessSendData
                            883 ;	-----------------------------------------
   0122                     884 _ProcessSendData:
                            885 ;	dds.c:132: xdata const unsigned char *src=EP2FIFOBUF;
                            886 ;	dds.c:133: xdata unsigned char *dest=EP6FIFOBUF;
                            887 ;	dds.c:134: unsigned int len = (((int)EP2BCH)<<8 | EP2BCL);
   0122 90 E6 90            888 	mov	dptr,#_EP2BCH
   0125 E0                  889 	movx	a,@dptr
   0126 FE                  890 	mov	r6,a
   0127 7F 00               891 	mov	r7,#0x00
   0129 90 E6 91            892 	mov	dptr,#_EP2BCL
   012C E0                  893 	movx	a,@dptr
   012D FD                  894 	mov	r5,a
   012E 7C 00               895 	mov	r4,#0x00
   0130 42 07               896 	orl	ar7,a
   0132 EC                  897 	mov	a,r4
   0133 42 06               898 	orl	ar6,a
   0135 8F*00               899 	mov	_ProcessSendData_len_1_1,r7
   0137 8E*01               900 	mov	(_ProcessSendData_len_1_1 + 1),r6
                            901 ;	dds.c:136: for(i=0; i<len; i++,src++,dest++)
   0139 E4                  902 	clr	a
   013A F5*02               903 	mov	_ProcessSendData_i_1_1,a
   013C F5*03               904 	mov	(_ProcessSendData_i_1_1 + 1),a
   013E 7A 00               905 	mov	r2,#_EP2FIFOBUF
   0140 7B F0               906 	mov	r3,#(_EP2FIFOBUF >> 8)
   0142 78 00               907 	mov	r0,#_EP6FIFOBUF
   0144 79 F8               908 	mov	r1,#(_EP6FIFOBUF >> 8)
   0146                     909 00101$:
   0146 C3                  910 	clr	c
   0147 E5*02               911 	mov	a,_ProcessSendData_i_1_1
   0149 95*00               912 	subb	a,_ProcessSendData_len_1_1
   014B E5*03               913 	mov	a,(_ProcessSendData_i_1_1 + 1)
   014D 95*01               914 	subb	a,(_ProcessSendData_len_1_1 + 1)
   014F 50 30               915 	jnc	00104$
                            916 ;	dds.c:139: dat[i]=*src;
   0151 E5*02               917 	mov	a,_ProcessSendData_i_1_1
   0153 25*00               918 	add	a,_dat
   0155 FE                  919 	mov	r6,a
   0156 E5*03               920 	mov	a,(_ProcessSendData_i_1_1 + 1)
   0158 35*01               921 	addc	a,(_dat + 1)
   015A FF                  922 	mov	r7,a
   015B 8A 82               923 	mov	dpl,r2
   015D 8B 83               924 	mov	dph,r3
   015F E0                  925 	movx	a,@dptr
   0160 FD                  926 	mov	r5,a
   0161 A3                  927 	inc	dptr
   0162 AA 82               928 	mov	r2,dpl
   0164 AB 83               929 	mov	r3,dph
   0166 8E 82               930 	mov	dpl,r6
   0168 8F 83               931 	mov	dph,r7
   016A ED                  932 	mov	a,r5
   016B F0                  933 	movx	@dptr,a
                            934 ;	dds.c:140: *dest = dat[i];
   016C 88 82               935 	mov	dpl,r0
   016E 89 83               936 	mov	dph,r1
   0170 ED                  937 	mov	a,r5
   0171 F0                  938 	movx	@dptr,a
   0172 A3                  939 	inc	dptr
   0173 A8 82               940 	mov	r0,dpl
   0175 A9 83               941 	mov	r1,dph
                            942 ;	dds.c:136: for(i=0; i<len; i++,src++,dest++)
   0177 05*02               943 	inc	_ProcessSendData_i_1_1
   0179 E4                  944 	clr	a
   017A B5*02 C9            945 	cjne	a,_ProcessSendData_i_1_1,00101$
   017D 05*03               946 	inc	(_ProcessSendData_i_1_1 + 1)
   017F 80 C5               947 	sjmp	00101$
   0181                     948 00104$:
                            949 ;	dds.c:144: SYNCDELAY;  OUTPKTEND=0x82;
   0181 00                  950 	 nop 
   0182 00                  951 	 nop 
   0183 00                  952 	 nop 
   0184 00                  953 	 nop 
   0185 00                  954 	 nop 
   0186 00                  955 	 nop 
   0187 00                  956 	 nop 
   0188 00                  957 	 nop 
   0189 90 E6 49            958 	mov	dptr,#_OUTPKTEND
   018C 74 82               959 	mov	a,#0x82
   018E F0                  960 	movx	@dptr,a
                            961 ;	dds.c:150: SYNCDELAY;  EP6BCH=len>>8;
   018F 00                  962 	 nop 
   0190 00                  963 	 nop 
   0191 00                  964 	 nop 
   0192 00                  965 	 nop 
   0193 00                  966 	 nop 
   0194 00                  967 	 nop 
   0195 00                  968 	 nop 
   0196 00                  969 	 nop 
   0197 90 E6 98            970 	mov	dptr,#_EP6BCH
   019A E5*01               971 	mov	a,(_ProcessSendData_len_1_1 + 1)
   019C F0                  972 	movx	@dptr,a
                            973 ;	dds.c:151: SYNCDELAY;  EP6BCL=len&0xff;
   019D 00                  974 	 nop 
   019E 00                  975 	 nop 
   019F 00                  976 	 nop 
   01A0 00                  977 	 nop 
   01A1 00                  978 	 nop 
   01A2 00                  979 	 nop 
   01A3 00                  980 	 nop 
   01A4 00                  981 	 nop 
   01A5 AE*00               982 	mov	r6,_ProcessSendData_len_1_1
   01A7 90 E6 99            983 	mov	dptr,#_EP6BCL
   01AA EE                  984 	mov	a,r6
   01AB F0                  985 	movx	@dptr,a
   01AC 22                  986 	ret
                            987 ;------------------------------------------------------------
                            988 ;Allocation info for local variables in function 'main'
                            989 ;------------------------------------------------------------
                            990 ;n                         Allocated to registers r6 r7 
                            991 ;fu_udH                    Allocated to registers 
                            992 ;fu_udHC                   Allocated to registers 
                            993 ;fu_udL                    Allocated to registers 
                            994 ;dataH                     Allocated to registers 
                            995 ;dataL                     Allocated to registers 
                            996 ;resetH                    Allocated to registers 
                            997 ;resetL                    Allocated to registers 
                            998 ;triggerH                  Allocated to registers 
                            999 ;triggerL                  Allocated to registers 
                           1000 ;------------------------------------------------------------
                           1001 ;	dds.c:154: void main(void)
                           1002 ;	-----------------------------------------
                           1003 ;	 function main
                           1004 ;	-----------------------------------------
   01AD                    1005 _main:
                           1006 ;	dds.c:160: Initialize();
   01AD 12s00r00           1007 	lcall	_Initialize
                           1008 ;	dds.c:163: IOD = resetL;
   01B0 75 B0 00           1009 	mov	_IOD,#0x00
                           1010 ;	dds.c:164: for(n = 0; n < 0xFFF; n ++ ) {
   01B3 7E 00              1011 	mov	r6,#0x00
   01B5 7F 00              1012 	mov	r7,#0x00
   01B7                    1013 00106$:
   01B7 C3                 1014 	clr	c
   01B8 EE                 1015 	mov	a,r6
   01B9 94 FF              1016 	subb	a,#0xFF
   01BB EF                 1017 	mov	a,r7
   01BC 64 80              1018 	xrl	a,#0x80
   01BE 94 8F              1019 	subb	a,#0x8f
   01C0 50 0A              1020 	jnc	00109$
                           1021 ;	dds.c:165: IOD = resetH; }
   01C2 75 B0 08           1022 	mov	_IOD,#0x08
                           1023 ;	dds.c:164: for(n = 0; n < 0xFFF; n ++ ) {
   01C5 0E                 1024 	inc	r6
   01C6 BE 00 EE           1025 	cjne	r6,#0x00,00106$
   01C9 0F                 1026 	inc	r7
   01CA 80 EB              1027 	sjmp	00106$
   01CC                    1028 00109$:
                           1029 ;	dds.c:166: IOD = resetL;
   01CC 75 B0 00           1030 	mov	_IOD,#0x00
   01CF                    1031 00123$:
                           1032 ;	dds.c:171: if(!(EP2CS & (1<<2)))
   01CF 90 E6 A3           1033 	mov	dptr,#_EP2CS
   01D2 E0                 1034 	movx	a,@dptr
   01D3 FF                 1035 	mov	r7,a
   01D4 20 E2 0B           1036 	jb	acc.2,00132$
                           1037 ;	dds.c:175: while(EP6CS & (1<<3));
   01D7                    1038 00101$:
   01D7 90 E6 A5           1039 	mov	dptr,#_EP6CS
   01DA E0                 1040 	movx	a,@dptr
   01DB FF                 1041 	mov	r7,a
   01DC 20 E3 F8           1042 	jb	acc.3,00101$
                           1043 ;	dds.c:176: ProcessSendData();
   01DF 12s01r22           1044 	lcall	_ProcessSendData
                           1045 ;	dds.c:180: for(n = 0; n < 80; n ++ ) {
   01E2                    1046 00132$:
   01E2 7E 00              1047 	mov	r6,#0x00
   01E4 7F 00              1048 	mov	r7,#0x00
   01E6                    1049 00110$:
   01E6 C3                 1050 	clr	c
   01E7 EE                 1051 	mov	a,r6
   01E8 94 50              1052 	subb	a,#0x50
   01EA EF                 1053 	mov	a,r7
   01EB 64 80              1054 	xrl	a,#0x80
   01ED 94 80              1055 	subb	a,#0x80
   01EF 50 17              1056 	jnc	00113$
                           1057 ;	dds.c:181: IOD = dat[n];
   01F1 EE                 1058 	mov	a,r6
   01F2 25*00              1059 	add	a,_dat
   01F4 F5 82              1060 	mov	dpl,a
   01F6 EF                 1061 	mov	a,r7
   01F7 35*01              1062 	addc	a,(_dat + 1)
   01F9 F5 83              1063 	mov	dph,a
   01FB E0                 1064 	movx	a,@dptr
   01FC FD                 1065 	mov	r5,a
   01FD 8D B0              1066 	mov	_IOD,r5
                           1067 ;	dds.c:182: IOD = dat[n];
   01FF 8D B0              1068 	mov	_IOD,r5
                           1069 ;	dds.c:180: for(n = 0; n < 80; n ++ ) {
   0201 0E                 1070 	inc	r6
   0202 BE 00 E1           1071 	cjne	r6,#0x00,00110$
   0205 0F                 1072 	inc	r7
   0206 80 DE              1073 	sjmp	00110$
   0208                    1074 00113$:
                           1075 ;	dds.c:186: IOD = fu_udL;
   0208 75 B0 00           1076 	mov	_IOD,#0x00
                           1077 ;	dds.c:187: for(n = 0; n < 0xF; n ++ ) {
   020B 7E 00              1078 	mov	r6,#0x00
   020D 7F 00              1079 	mov	r7,#0x00
   020F                    1080 00114$:
   020F C3                 1081 	clr	c
   0210 EE                 1082 	mov	a,r6
   0211 94 0F              1083 	subb	a,#0x0F
   0213 EF                 1084 	mov	a,r7
   0214 64 80              1085 	xrl	a,#0x80
   0216 94 80              1086 	subb	a,#0x80
   0218 50 0A              1087 	jnc	00117$
                           1088 ;	dds.c:188: IOD = fu_udH; }
   021A 75 B0 02           1089 	mov	_IOD,#0x02
                           1090 ;	dds.c:187: for(n = 0; n < 0xF; n ++ ) {
   021D 0E                 1091 	inc	r6
   021E BE 00 EE           1092 	cjne	r6,#0x00,00114$
   0221 0F                 1093 	inc	r7
   0222 80 EB              1094 	sjmp	00114$
   0224                    1095 00117$:
                           1096 ;	dds.c:189: for(n = 0; n < 0xF; n ++ ) {
   0224 7E 00              1097 	mov	r6,#0x00
   0226 7F 00              1098 	mov	r7,#0x00
   0228                    1099 00118$:
   0228 C3                 1100 	clr	c
   0229 EE                 1101 	mov	a,r6
   022A 94 0F              1102 	subb	a,#0x0F
   022C EF                 1103 	mov	a,r7
   022D 64 80              1104 	xrl	a,#0x80
   022F 94 80              1105 	subb	a,#0x80
   0231 50 0A              1106 	jnc	00121$
                           1107 ;	dds.c:190: IOD = fu_udHC; }
   0233 75 B0 03           1108 	mov	_IOD,#0x03
                           1109 ;	dds.c:189: for(n = 0; n < 0xF; n ++ ) {
   0236 0E                 1110 	inc	r6
   0237 BE 00 EE           1111 	cjne	r6,#0x00,00118$
   023A 0F                 1112 	inc	r7
   023B 80 EB              1113 	sjmp	00118$
   023D                    1114 00121$:
                           1115 ;	dds.c:191: IOD = fu_udL;
   023D 75 B0 00           1116 	mov	_IOD,#0x00
   0240 80 8D              1117 	sjmp	00123$
                           1118 	.area CSEG    (CODE)
                           1119 	.area CONST   (CODE)
                           1120 	.area XINIT   (CODE)
                           1121 	.area CABS    (ABS,CODE)
